#
# There is insufficient memory for the Java Runtime Environment to continue.
# Native memory allocation (mmap) failed to map 197132288 bytes. Error detail: G1 virtual space
# Possible reasons:
#   The system is out of physical RAM or swap space
#   This process is running with CompressedOops enabled, and the Java Heap may be blocking the growth of the native heap
# Possible solutions:
#   Reduce memory load on the system
#   Increase physical memory or swap space
#   Check if swap backing store is full
#   Decrease Java heap size (-Xmx/-Xms)
#   Decrease number of Java threads
#   Decrease Java thread stack sizes (-Xss)
#   Set larger code cache with -XX:ReservedCodeCacheSize=
#   JVM is running with Zero Based Compressed Oops mode in which the Java heap is
#     placed in the first 32GB address space. The Java Heap base address is the
#     maximum limit for the native heap growth. Please use -XX:HeapBaseMinAddress
#     to set the Java Heap base and to place the Java Heap above 32GB virtual address.
# This output file may be truncated or incomplete.
#
#  Out of Memory Error (os_windows.cpp:3825), pid=9352, tid=16076
#
# JRE version:  (17.0.11) (build )
# Java VM: OpenJDK 64-Bit Server VM (17.0.11+0--11852314, mixed mode, sharing, tiered, compressed oops, compressed class ptrs, g1 gc, windows-amd64)
# No core dump will be written. Minidumps are not enabled by default on client versions of Windows
#

---------------  S U M M A R Y ------------

Command Line: git4idea.http.GitAskPassApp Username for 'https://github.com': 

Host: 11th Gen Intel(R) Core(TM) i3-1115G4 @ 3.00GHz, 4 cores, 11G,  Windows 10 , 64 bit Build 19041 (10.0.19041.4597)
Time: Sun Aug 11 15:46:46 2024 Sri Lanka Standard Time elapsed time: 0.019006 seconds (0d 0h 0m 0s)

---------------  T H R E A D  ---------------

Current thread (0x0000026e0e78f9a0):  JavaThread "Unknown thread" [_thread_in_vm, id=16076, stack(0x000000943ad00000,0x000000943ae00000)]

Stack: [0x000000943ad00000,0x000000943ae00000]
Native frames: (J=compiled Java code, j=interpreted, Vv=VM code, C=native code)
V  [jvm.dll+0x687bb9]
V  [jvm.dll+0x84142a]
V  [jvm.dll+0x8430ae]
V  [jvm.dll+0x843713]
V  [jvm.dll+0x24a35f]
V  [jvm.dll+0x684989]
V  [jvm.dll+0x67923a]
V  [jvm.dll+0x30af0b]
V  [jvm.dll+0x3123b6]
V  [jvm.dll+0x361dfe]
V  [jvm.dll+0x36202f]
V  [jvm.dll+0x2e0d38]
V  [jvm.dll+0x2e1ca4]
V  [jvm.dll+0x811f21]
V  [jvm.dll+0x36fb68]
V  [jvm.dll+0x7f0896]
V  [jvm.dll+0x3f3d2f]
V  [jvm.dll+0x3f58e1]
C  [jli.dll+0x528f]
C  [ucrtbase.dll+0x21bb2]
C  [KERNEL32.DLL+0x17374]
C  [ntdll.dll+0x4cc91]


---------------  P R O C E S S  ---------------

Threads class SMR info:
_java_thread_list=0x00007ffc5cbdefd8, length=0, elements={
}

Java Threads: ( => current thread )

Other Threads:
  0x0000026e0e7e58e0 GCTaskThread "GC Thread#0" [stack: 0x000000943ae00000,0x000000943af00000] [id=9276]
  0x0000026e0e7f23f0 ConcurrentGCThread "G1 Main Marker" [stack: 0x000000943af00000,0x000000943b000000] [id=14456]
  0x0000026e0e7f3e20 ConcurrentGCThread "G1 Conc#0" [stack: 0x000000943b000000,0x000000943b100000] [id=10224]

[error occurred during error reporting (printing all threads), id 0xc0000005, EXCEPTION_ACCESS_VIOLATION (0xc0000005) at pc=0x00007ffc5c391907]

VM state: not at safepoint (not fully initialized)

VM Mutex/Monitor currently owned by a thread:  ([mutex/lock_event])
[0x0000026e0e78b6d0] Heap_lock - owner thread: 0x0000026e0e78f9a0

Heap address: 0x0000000744400000, size: 3004 MB, Compressed Oops mode: Zero based, Oop shift amount: 3

CDS archive(s) mapped at: [0x0000000000000000-0x0000000000000000-0x0000000000000000), size 0, SharedBaseAddress: 0x0000000800000000, ArchiveRelocationMode: 1.
Narrow klass base: 0x0000000000000000, Narrow klass shift: 0, Narrow klass range: 0x0

GC Precious Log:
<Empty>

Heap:
 garbage-first heap   total 0K, used 0K [0x0000000744400000, 0x0000000800000000)
  region size 2048K, 0 young (0K), 0 survivors (0K)
 Metaspace       used 0K, committed 0K, reserved 0K
  class space    used 0K, committed 0K, reserved 0K

Heap Regions: E=young(eden), S=young(survivor), O=old, HS=humongous(starts), HC=humongous(continues), CS=collection set, F=free, OA=open archive, CA=closed archive, TAMS=top-at-mark-start (previous, next)

Card table byte_map: [0x0000026e21250000,0x0000026e21830000] _byte_map_base: 0x0000026e1d82e000

Marking Bits (Prev, Next): (CMBitMap*) 0x0000026e0e7e5f00, (CMBitMap*) 0x0000026e0e7e5f40
 Prev Bits: [0x0000026e21e10000, 0x0000026e24d00000)
 Next Bits: [0x0000026e24d00000, 0x0000026e27bf0000)

GC Heap History (0 events):
No events

Dll operation events (1 events):
Event: 0.004 Loaded shared library D:\programs\Android Version\jbr\bin\java.dll

Deoptimization events (0 events):
No events

Classes unloaded (0 events):
No events

Classes redefined (0 events):
No events

Internal exceptions (0 events):
No events

VM Operations (0 events):
No events

Events (0 events):
No events


Dynamic libraries:
0x00007ff6e5f40000 - 0x00007ff6e5f4a000 	D:\programs\Android Version\jbr\bin\java.exe
0x00007ffcb9470000 - 0x00007ffcb9668000 	C:\Windows\SYSTEM32\ntdll.dll
0x00007ffcb7fc0000 - 0x00007ffcb8081000 	C:\Windows\System32\KERNEL32.DLL
0x00007ffcb6ef0000 - 0x00007ffcb71e6000 	C:\Windows\System32\KERNELBASE.dll
0x00007ffcb6b90000 - 0x00007ffcb6c90000 	C:\Windows\System32\ucrtbase.dll
0x00007ffc9d900000 - 0x00007ffc9d917000 	D:\programs\Android Version\jbr\bin\jli.dll
0x00007ffc9c1f0000 - 0x00007ffc9c20b000 	D:\programs\Android Version\jbr\bin\VCRUNTIME140.dll
0x00007ffcb8090000 - 0x00007ffcb822f000 	C:\Windows\System32\USER32.dll
0x00007ffcb6c90000 - 0x00007ffcb6cb2000 	C:\Windows\System32\win32u.dll
0x00007ffca1df0000 - 0x00007ffca208a000 	C:\Windows\WinSxS\amd64_microsoft.windows.common-controls_6595b64144ccf1df_6.0.19041.4355_none_60b8b9eb71f62e16\COMCTL32.dll
0x00007ffcb8a30000 - 0x00007ffcb8a5b000 	C:\Windows\System32\GDI32.dll
0x00007ffcb8f60000 - 0x00007ffcb8ffe000 	C:\Windows\System32\msvcrt.dll
0x00007ffcb71f0000 - 0x00007ffcb7307000 	C:\Windows\System32\gdi32full.dll
0x00007ffcb6cc0000 - 0x00007ffcb6d5d000 	C:\Windows\System32\msvcp_win.dll
0x00007ffcb9400000 - 0x00007ffcb942f000 	C:\Windows\System32\IMM32.DLL
0x00007ffc9d050000 - 0x00007ffc9d05c000 	D:\programs\Android Version\jbr\bin\vcruntime140_1.dll
0x00007ffc86970000 - 0x00007ffc869fd000 	D:\programs\Android Version\jbr\bin\msvcp140.dll
0x00007ffc5c0a0000 - 0x00007ffc5cd23000 	D:\programs\Android Version\jbr\bin\server\jvm.dll
0x00007ffcb87b0000 - 0x00007ffcb8860000 	C:\Windows\System32\ADVAPI32.dll
0x00007ffcb8710000 - 0x00007ffcb87b0000 	C:\Windows\System32\sechost.dll
0x00007ffcb9130000 - 0x00007ffcb9253000 	C:\Windows\System32\RPCRT4.dll
0x00007ffcb6d60000 - 0x00007ffcb6d87000 	C:\Windows\System32\bcrypt.dll
0x00007ffcb60a0000 - 0x00007ffcb60eb000 	C:\Windows\SYSTEM32\POWRPROF.dll
0x00007ffcab470000 - 0x00007ffcab497000 	C:\Windows\SYSTEM32\WINMM.dll
0x00007ffcae130000 - 0x00007ffcae13a000 	C:\Windows\SYSTEM32\VERSION.dll
0x00007ffcafdf0000 - 0x00007ffcafdf9000 	C:\Windows\SYSTEM32\WSOCK32.dll
0x00007ffcb7550000 - 0x00007ffcb75bb000 	C:\Windows\System32\WS2_32.dll
0x00007ffcb5f10000 - 0x00007ffcb5f22000 	C:\Windows\SYSTEM32\UMPDC.dll
0x00007ffcb5330000 - 0x00007ffcb5342000 	C:\Windows\SYSTEM32\kernel.appcore.dll
0x00007ffcafcc0000 - 0x00007ffcafcca000 	D:\programs\Android Version\jbr\bin\jimage.dll
0x00007ffcb4710000 - 0x00007ffcb48f4000 	C:\Windows\SYSTEM32\DBGHELP.DLL
0x00007ffca6ac0000 - 0x00007ffca6af4000 	C:\Windows\SYSTEM32\dbgcore.DLL
0x00007ffcb7310000 - 0x00007ffcb7392000 	C:\Windows\System32\bcryptPrimitives.dll
0x00007ffcafc00000 - 0x00007ffcafc25000 	D:\programs\Android Version\jbr\bin\java.dll

dbghelp: loaded successfully - version: 4.0.5 - missing functions: none
symbol engine: initialized successfully - sym options: 0x614 - pdb path: .;D:\programs\Android Version\jbr\bin;C:\Windows\SYSTEM32;C:\Windows\WinSxS\amd64_microsoft.windows.common-controls_6595b64144ccf1df_6.0.19041.4355_none_60b8b9eb71f62e16;D:\programs\Android Version\jbr\bin\server

VM Arguments:
java_command: git4idea.http.GitAskPassApp Username for 'https://github.com': 
java_class_path (initial): D:/programs/Android Version/plugins/vcs-git/lib/git4idea-rt.jar;D:/programs/Android Version/lib/externalProcess-rt.jar
Launcher Type: SUN_STANDARD

[Global flags]
     intx CICompilerCount                          = 3                                         {product} {ergonomic}
     uint ConcGCThreads                            = 1                                         {product} {ergonomic}
     uint G1ConcRefinementThreads                  = 4                                         {product} {ergonomic}
   size_t G1HeapRegionSize                         = 2097152                                   {product} {ergonomic}
    uintx GCDrainStackTargetSize                   = 64                                        {product} {ergonomic}
   size_t InitialHeapSize                          = 197132288                                 {product} {ergonomic}
   size_t MarkStackSize                            = 4194304                                   {product} {ergonomic}
   size_t MaxHeapSize                              = 3149922304                                {product} {ergonomic}
   size_t MinHeapDeltaBytes                        = 2097152                                   {product} {ergonomic}
   size_t MinHeapSize                              = 8388608                                   {product} {ergonomic}
    uintx NonNMethodCodeHeapSize                   = 5832780                                {pd product} {ergonomic}
    uintx NonProfiledCodeHeapSize                  = 122912730                              {pd product} {ergonomic}
    uintx ProfiledCodeHeapSize                     = 122912730                              {pd product} {ergonomic}
    uintx ReservedCodeCacheSize                    = 251658240                              {pd product} {ergonomic}
     bool SegmentedCodeCache                       = true                                      {product} {ergonomic}
   size_t SoftMaxHeapSize                          = 3149922304                             {manageable} {ergonomic}
     bool UseCompressedClassPointers               = true                           {product lp64_product} {ergonomic}
     bool UseCompressedOops                        = true                           {product lp64_product} {ergonomic}
     bool UseG1GC                                  = true                                      {product} {ergonomic}
     bool UseLargePagesIndividualAllocation        = false                                  {pd product} {ergonomic}

Logging:
Log output configuration:
 #0: stdout all=warning uptime,level,tags
 #1: stderr all=off uptime,level,tags

Environment Variables:
PATH=C:\Program Files\Git\mingw64\libexec\git-core;C:\Program Files\Git\mingw64\libexec\git-core;C:\Program Files\Git\mingw64\bin;C:\Program Files\Git\usr\bin;C:\Users\User\bin;C:\Windows\system32;C:\Windows;C:\Windows\System32\Wbem;C:\Windows\System32\WindowsPowerShell\v1.0;C:\Windows\System32\OpenSSH;C:\Program Files (x86)\dotnet;C:\Program Files\Java\jdk1.8.0_351\bin;C:\ProgramData\chocolatey\bin;C:\Program Files\MySQL\MySQL Server 8.0\bin;C:\Program Files\nodejs;C:\Program Files\Git\cmd;C:\Program Files\Git\usr\bin;C:\msys64\ucrt64\bin;D:\programs\program files\Microsoft VS Code\bin;C:\Program Files\JetBrains\IntelliJ IDEA 2023.3.3\bin;C:\Program Files\JetBrains\IntelliJ IDEA Community Edition 2023.3.4\bin;C:\Users\User\AppData\Roaming\npm
USERNAME=User
DISPLAY=:0.0
LC_ALL=en_US.UTF-8
TERM=xterm-256color
TMPDIR=C:\Users\User\AppData\Local\Temp
OS=Windows_NT
PROCESSOR_IDENTIFIER=Intel64 Family 6 Model 140 Stepping 1, GenuineIntel
TMP=C:\Users\User\AppData\Local\Temp
TEMP=C:\Users\User\AppData\Local\Temp



Periodic native trim disabled

JNI global refs:
JNI global refs: 0, weak refs: 0

JNI global refs memory usage: 0, weak refs: 0

Process memory usage:
Resident Set Size: 10808K (0% of 12299048K total physical memory with 1345652K free physical memory)

OOME stack traces (most recent first):
Classloader memory used:


---------------  S Y S T E M  ---------------

OS:
 Windows 10 , 64 bit Build 19041 (10.0.19041.4597)
OS uptime: 5 days 23:46 hours

CPU: total 4 (initial active 4) (2 cores per cpu, 2 threads per core) family 6 model 140 stepping 1 microcode 0xb4, cx8, cmov, fxsr, ht, mmx, 3dnowpref, sse, sse2, sse3, ssse3, sse4.1, sse4.2, popcnt, lzcnt, tsc, tscinvbit, avx, avx2, aes, erms, clmul, bmi1, bmi2, adx, avx512f, avx512dq, avx512cd, avx512bw, avx512vl, sha, fma, vzeroupper, avx512_vpopcntdq, avx512_vpclmulqdq, avx512_vaes, avx512_vnni, clflush, clflushopt, clwb, avx512_vbmi2, avx512_vbmi
Processor Information for all 4 processors :
  Max Mhz: 2995, Current Mhz: 2995, Mhz Limit: 2995

Memory: 4k page, system-wide physical 12010M (1314M free)
TotalPageFile size 20202M (AvailPageFile size 165M)
current process WorkingSet (physical memory assigned to process): 10M, peak: 10M
current process commit charge ("private bytes"): 51M, peak: 239M

vm_info: OpenJDK 64-Bit Server VM (17.0.11+0--11852314) for windows-amd64 JRE (17.0.11+0--11852314), built on May 16 2024 21:29:20 by "androidbuild" with MS VC++ 16.10 / 16.11 (VS2019)

END.
